2020-02-27 09:38:43 INFO  App:26 - ***     Started Application      ***
2020-02-27 09:38:43 INFO  App:27 - 

		** Interest Calculator **
1. Simple Interest
2. Compound Interest

	   ** Estimating House Construction Cost **
3. Select A Construction Plan : 

2020-02-27 09:38:53 INFO  App:77 - 
=> List Of Construction Plans
2020-02-27 09:38:53 INFO  App:80 - 
=> 1. Above Standard Material Costs 1500 per square feet
2020-02-27 09:38:53 INFO  App:80 - 
=> 2. Standard Material Costs 1200 per square feet
2020-02-27 09:38:53 INFO  App:80 - 
=> 3. High Standard Material Costs 1800 per square feet
2020-02-27 09:38:53 INFO  App:80 - 
=> 4. High Standard And Fully Automated Material Costs 2500 per square feet
2020-02-27 09:39:00 INFO  App:92 - 
=> Enter Area Of The House (Length x breadth) : 

2020-02-27 09:39:03 INFO  App:96 - 
=> Cost for construction = 360000 INR
2020-02-27 09:39:03 INFO  App:51 - 

=> Would You Like To Continue (y/n) : 
2020-02-27 09:39:07 INFO  App:54 - Program Terminated Successfully


***    Application Closed    ***
